video_player/generated/not_namespaced_r_class_sources/debug/generateDebugRFile/out/com/google/android/exoplayer2/source/dash/manifest-merger-debug-report.txt
-- Merging decision tree log ---
manifest
ADDED from src\main\AndroidManifest.xml:1:1-16:12
INJECTED from src\main\AndroidManifest.xml:1:1-16:12
INJECTED from src\main\AndroidManifest.xml:1:1-16:12
	package
		ADDED from src\main\AndroidManifest.xml:3:11-47
		INJECTED from src\main\AndroidManifest.xml
		INJECTED from src\main\AndroidManifest.xml
	xmlns:tools
		ADDED from src\main\AndroidManifest.xml:2:11-57
	xmlns:android
		ADDED from src\main\AndroidManifest.xml:1:11-69
application
ADDED from src\main\AndroidManifest.xml:4:5-15:19
provider#androidx.core.content.FileProvider
ADDED from src\main\AndroidManifest.xml:5:9-14:20
	android:grantUriPermissions
		ADDED from src\main\AndroidManifest.xml:9:13-47
	android:authorities
		ADDED from src\main\AndroidManifest.xml:7:13-64
	android:exported
		ADDED from src\main\AndroidManifest.xml:8:13-37
	tools:replace
		ADDED from src\main\AndroidManifest.xml:10:13-48
	android:name
		ADDED from src\main\AndroidManifest.xml:6:13-62
meta-data#android.support.FILE_PROVIDER_PATHS
ADDED from src\main\AndroidManifest.xml:11:13-13:53
	android:resource
		ADDED from src\main\AndroidManifest.xml:13:17-50
	android:name
		ADDED from src\main\AndroidManifest.xml:12:17-67
uses-sdk
INJECTED from src\main\AndroidManifest.xml reason: use-sdk injection requested
INJECTED from src\main\AndroidManifest.xml
INJECTED from src\main\AndroidManifest.xml
	android:minSdkVersion
		INJECTED from src\main\AndroidManifest.xml
		ADDED from src\main\AndroidManifest.xml
		INJECTED from src\main\AndroidManifest.xml